1540859776606	geckodriver	INFO	geckodriver 0.21.0
1540859776615	geckodriver	INFO	Listening on 127.0.0.1:34155
1540859777714	mozrunner::runner	INFO	Running command: "/usr/bin/firefox" "-marionette" "-foreground" "-no-remote" "-profile" "/tmp/rust_mozprofile.tvE7VS7U2iTR"
1540859780084	Marionette	DEBUG	Received observer notification profile-after-change
1540859780945	Marionette	DEBUG	Received observer notification command-line-startup
1540859780945	Marionette	DEBUG	Received observer notification nsPref:changed
1540859780946	Marionette	DEBUG	Init aborted (running=false, enabled=true, finalUIStartup=false)
1540859783627	Marionette	DEBUG	Received observer notification toplevel-window-ready
1540859789785	Marionette	DEBUG	Received observer notification sessionstore-windows-restored
1540859789785	Marionette	DEBUG	Waiting for delayed startup...
1540859790754	Marionette	DEBUG	Setting recommended pref app.update.disabledForTesting to true
1540859790792	Marionette	DEBUG	Setting recommended pref security.turn_off_all_security_so_that_viruses_can_take_over_this_computer to true
1540859790793	Marionette	DEBUG	Setting recommended pref apz.content_response_timeout to 60000
1540859790794	Marionette	DEBUG	Setting recommended pref browser.download.panel.shown to true
1540859790794	Marionette	DEBUG	Setting recommended pref browser.pagethumbnails.capturing_disabled to true
1540859790795	Marionette	DEBUG	Setting recommended pref browser.search.update to false
1540859790795	Marionette	DEBUG	Setting recommended pref toolkit.cosmeticAnimations.enabled to false
1540859790796	Marionette	DEBUG	Setting recommended pref browser.tabs.disableBackgroundZombification to false
1540859790796	Marionette	DEBUG	Setting recommended pref browser.tabs.warnOnCloseOtherTabs to false
1540859790796	Marionette	DEBUG	Setting recommended pref browser.tabs.warnOnOpen to false
1540859790796	Marionette	DEBUG	Setting recommended pref browser.usedOnWindows10.introURL to 
1540859790796	Marionette	DEBUG	Setting recommended pref browser.urlbar.suggest.searches to false
1540859790796	Marionette	DEBUG	Setting recommended pref datareporting.policy.dataSubmissionPolicyAccepted to false
1540859790797	Marionette	DEBUG	Setting recommended pref dom.disable_beforeunload to true
1540859790797	Marionette	DEBUG	Setting recommended pref dom.disable_open_during_load to false
1540859790797	Marionette	DEBUG	Setting recommended pref dom.file.createInChild to true
1540859790797	Marionette	DEBUG	Setting recommended pref dom.max_chrome_script_run_time to 0
1540859790798	Marionette	DEBUG	Setting recommended pref dom.max_script_run_time to 0
1540859790798	Marionette	DEBUG	Setting recommended pref extensions.getAddons.cache.enabled to false
1540859790798	Marionette	DEBUG	Setting recommended pref extensions.webservice.discoverURL to http://%(server)s/dummy/discoveryURL
1540859790798	Marionette	DEBUG	Setting recommended pref network.http.prompt-temp-redirect to false
1540859790799	Marionette	DEBUG	Setting recommended pref network.http.speculative-parallel-limit to 0
1540859790799	Marionette	DEBUG	Setting recommended pref security.fileuri.strict_origin_policy to false
1540859790800	Marionette	DEBUG	Setting recommended pref security.notification_enable_delay to 0
1540859790800	Marionette	DEBUG	Setting recommended pref signon.autofillForms to false
1540859790801	Marionette	DEBUG	Setting recommended pref signon.rememberSignons to false
1540859791303	Marionette	INFO	Listening on port 45021
1540859791303	Marionette	DEBUG	Remote service is active
1540859791338	Marionette	DEBUG	Accepted connection 0 from 127.0.0.1:52738
1540859791341	Marionette	TRACE	0 -> [0,1,"WebDriver:NewSession",{"acceptInsecureCerts":true,"browserName":"firefox","capabilities":{"desiredCapabilities":{"acceptInsecureCerts":true,"browserName":"firefox"}}}]
1540859791341	Marionette	WARN	TLS certificate errors will be ignored for this session
1540859791393	Marionette	DEBUG	[4294967297] Frame script loaded
1540859791394	Marionette	DEBUG	[4294967297] Frame script registered
1540859791400	Marionette	TRACE	0 <- [1,1,null,{"sessionId":"fe9a3cae-47b1-4537-88d4-98b5d77621d3","capabilities":{"browserName":"firefox","browserVersion":"63.0" ... alse,"moz:webdriverClick":true,"capabilities":{"desiredCapabilities":{"acceptInsecureCerts":true,"browserName":"firefox"}}}}]
1540979789827	geckodriver	INFO	geckodriver 0.20.1
1540979789849	geckodriver	INFO	Listening on 127.0.0.1:41081
1540979790863	mozrunner::runner	INFO	Running command: "/usr/bin/firefox" "-marionette" "-profile" "/tmp/rust_mozprofile.SYgyIatzA16i"
1540979791608	Marionette	DEBUG	Received observer notification profile-after-change
1540979791704	Marionette	DEBUG	Received observer notification command-line-startup
1540979791704	Marionette	DEBUG	Received observer notification nsPref:changed
1540979791704	Marionette	DEBUG	Init aborted (running=false, enabled=true, finalUIStartup=false)
1540979791911	Marionette	DEBUG	Received observer notification toplevel-window-ready
1540979792638	Marionette	DEBUG	Received observer notification sessionstore-windows-restored
1540979792638	Marionette	DEBUG	Waiting for delayed startup...
1540979792737	Marionette	DEBUG	Setting recommended pref app.update.disabledForTesting to true
1540979792738	Marionette	DEBUG	Setting recommended pref security.turn_off_all_security_so_that_viruses_can_take_over_this_computer to true
1540979792739	Marionette	DEBUG	Setting recommended pref toolkit.cosmeticAnimations.enabled to false
1540979792740	Marionette	DEBUG	Setting recommended pref datareporting.policy.dataSubmissionPolicyAccepted to false
1540979792740	Marionette	DEBUG	Setting recommended pref dom.disable_beforeunload to true
1540979792785	Marionette	INFO	Listening on port 33199
1540979792785	Marionette	DEBUG	Remote service is active
1540979792872	Marionette	DEBUG	Accepted connection 0 from 127.0.0.1:38998
1540979792875	Marionette	TRACE	0 -> [0,1,"newSession",{"acceptInsecureCerts":true,"browserName":"firefox","capabilities":{"desiredCapabilities":{"acceptInsecureCerts":true,"browserName":"firefox"}}}]
1540979792876	Marionette	TRACE	0 <- [1,1,{"error":"unknown command","message":"newSession","stacktrace":"WebDriverError@chrome://marionette/content/error.js:178: ... et@chrome://marionette/content/server.js:245:8\n_onJSONObjectReady/<@chrome://marionette/content/transport.js:490:9\n"},null]
1541026036944	mozrunner::runner	INFO	Running command: "/usr/bin/firefox" "-marionette" "-foreground" "-no-remote" "-profile" "/tmp/rust_mozprofile.QG5quGEjsiql"
1541026038384	Marionette	INFO	Listening on port 38613
1541026038453	Marionette	WARN	TLS certificate errors will be ignored for this session
1541026429648	mozrunner::runner	INFO	Running command: "/usr/bin/firefox" "-marionette" "-foreground" "-no-remote" "-profile" "/tmp/rust_mozprofile.CuEmwNhXs4U6"
1541026431144	Marionette	INFO	Listening on port 45859
1541026431162	Marionette	WARN	TLS certificate errors will be ignored for this session
JavaScript warning: https://ajax.googleapis.com/ajax/libs/jquery/1.10.2/jquery.min.js, line 1: Using //@ to indicate sourceMappingURL pragmas is deprecated. Use //# instead
[Parent 6291, Gecko_IOThread] WARNING: pipe error (61): Connection reset by peer: file /build/firefox-j7tNrI/firefox-63.0+build2/ipc/chromium/src/chrome/common/ipc_channel_posix.cc, line 356
[Parent 6291, Gecko_IOThread] WARNING: pipe error (61): Connection reset by peer: file /build/firefox-j7tNrI/firefox-63.0+build2/ipc/chromium/src/chrome/common/ipc_channel_posix.cc, line 356
[Parent 6291, Gecko_IOThread] WARNING: pipe error (78): Connection reset by peer: file /build/firefox-j7tNrI/firefox-63.0+build2/ipc/chromium/src/chrome/common/ipc_channel_posix.cc, line 356
1541026721754	Marionette	INFO	Stopped listening on port 45859
1541026810123	mozrunner::runner	INFO	Running command: "/usr/bin/firefox" "-marionette" "-foreground" "-no-remote" "-profile" "/tmp/rust_mozprofile.fnWduZohydC9"
1541026811598	Marionette	INFO	Listening on port 43701
1541026811645	Marionette	WARN	TLS certificate errors will be ignored for this session
JavaScript warning: https://ajax.googleapis.com/ajax/libs/jquery/1.10.2/jquery.min.js, line 1: Using //@ to indicate sourceMappingURL pragmas is deprecated. Use //# instead
JavaScript warning: https://ajax.googleapis.com/ajax/libs/jquery/1.10.2/jquery.min.js, line 1: Using //@ to indicate sourceMappingURL pragmas is deprecated. Use //# instead
JavaScript warning: https://ajax.googleapis.com/ajax/libs/jquery/1.10.2/jquery.min.js, line 1: Using //@ to indicate sourceMappingURL pragmas is deprecated. Use //# instead
JavaScript warning: https://ajax.googleapis.com/ajax/libs/jquery/1.10.2/jquery.min.js, line 1: Using //@ to indicate sourceMappingURL pragmas is deprecated. Use //# instead
1541027183690	mozrunner::runner	INFO	Running command: "/usr/bin/firefox" "-marionette" "-foreground" "-no-remote" "-profile" "/tmp/rust_mozprofile.YWXCM8BmAMk9"
1541027185136	Marionette	INFO	Listening on port 39385
1541027185201	Marionette	WARN	TLS certificate errors will be ignored for this session
JavaScript warning: https://ajax.googleapis.com/ajax/libs/jquery/1.10.2/jquery.min.js, line 1: Using //@ to indicate sourceMappingURL pragmas is deprecated. Use //# instead
JavaScript warning: https://ajax.googleapis.com/ajax/libs/jquery/1.10.2/jquery.min.js, line 1: Using //@ to indicate sourceMappingURL pragmas is deprecated. Use //# instead
console.error: "TypeError: currentNode is null: canMutationImpactCurrentStyles@resource://devtools/shared/base-loader.js -> resource://devtools/client/inspector/shared/style-change-tracker.js:64:11\nonMutations@resource://devtools/shared/base-loader.js -> resource://devtools/client/inspector/shared/style-change-tracker.js:82:11\nemit@resource://devtools/shared/base-loader.js -> resource://devtools/shared/event-emitter.js:178:15\nemit@resource://devtools/shared/base-loader.js -> resource://devtools/shared/event-emitter.js:255:5\nWalkerFront<.getMutations</<@resource://devtools/shared/base-loader.js -> resource://devtools/shared/fronts/inspector.js:414:7\n"
TypeError: currentNode is null: canMutationImpactCurrentStyles@resource://devtools/shared/base-loader.js -> resource://devtools/client/inspector/shared/style-change-tracker.js:64:11
onMutations@resource://devtools/shared/base-loader.js -> resource://devtools/client/inspector/shared/style-change-tracker.js:82:11
emit@resource://devtools/shared/base-loader.js -> resource://devtools/shared/event-emitter.js:178:15
emit@resource://devtools/shared/base-loader.js -> resource://devtools/shared/event-emitter.js:255:5
WalkerFront<.getMutations</<@resource://devtools/shared/base-loader.js -> resource://devtools/shared/fronts/inspector.js:414:7

[Parent 8075, Gecko_IOThread] WARNING: pipe error: Broken pipe: file /build/firefox-j7tNrI/firefox-63.0+build2/ipc/chromium/src/chrome/common/ipc_channel_posix.cc, line 729
[Parent 8075, Gecko_IOThread] WARNING: pipe error: Broken pipe: file /build/firefox-j7tNrI/firefox-63.0+build2/ipc/chromium/src/chrome/common/ipc_channel_posix.cc, line 729
console.error: "navigated; resolution of _defaultNode aborted"
[Parent 8075, Gecko_IOThread] WARNING: pipe error: Broken pipe: file /build/firefox-j7tNrI/firefox-63.0+build2/ipc/chromium/src/chrome/common/ipc_channel_posix.cc, line 729

###!!! [Child][MessageChannel] Error: (msgtype=0x1F0016,name=PCameras::Msg_AllDone) Channel error: cannot send/recv

[Child 8194, Chrome_ChildThread] WARNING: pipe error (3): Connection reset by peer: file /build/firefox-j7tNrI/firefox-63.0+build2/ipc/chromium/src/chrome/common/ipc_channel_posix.cc, line 356
1541027898333	mozrunner::runner	INFO	Running command: "/usr/bin/firefox" "-marionette" "-foreground" "-no-remote" "-profile" "/tmp/rust_mozprofile.rcxakj9XaCWR"
1541027899787	Marionette	INFO	Listening on port 41291
1541027899843	Marionette	WARN	TLS certificate errors will be ignored for this session

###!!! [Parent][RunMessage] Error: Channel closing: too late to send/recv, messages will be lost


###!!! [Parent][RunMessage] Error: Channel closing: too late to send/recv, messages will be lost


###!!! [Parent][RunMessage] Error: Channel closing: too late to send/recv, messages will be lost


###!!! [Parent][RunMessage] Error: Channel closing: too late to send/recv, messages will be lost


###!!! [Parent][RunMessage] Error: Channel closing: too late to send/recv, messages will be lost

[Parent 9068, Gecko_IOThread] WARNING: pipe error: Broken pipe: file /build/firefox-j7tNrI/firefox-63.0+build2/ipc/chromium/src/chrome/common/ipc_channel_posix.cc, line 729
JavaScript error: chrome://browser/content/urlbarBindings.xml, line 2709: NS_ERROR_FAILURE: Component returned failure code: 0x80004005 (NS_ERROR_FAILURE) [nsIAutoCompleteController.getStyleAt]
[Parent 7353, Gecko_IOThread] WARNING: pipe error (86): Connection reset by peer: file /build/firefox-j7tNrI/firefox-63.0+build2/ipc/chromium/src/chrome/common/ipc_channel_posix.cc, line 356
[Parent 7353, Gecko_IOThread] WARNING: pipe error (61): Connection reset by peer: file /build/firefox-j7tNrI/firefox-63.0+build2/ipc/chromium/src/chrome/common/ipc_channel_posix.cc, line 356
[Parent 7353, Gecko_IOThread] WARNING: pipe error (78): Connection reset by peer: file /build/firefox-j7tNrI/firefox-63.0+build2/ipc/chromium/src/chrome/common/ipc_channel_posix.cc, line 356
1541030122475	Marionette	INFO	Stopped listening on port 43701
console.error: "Tried to send a 'tabDetached' event on an already destroyed actor 'frameTarget'"
[Parent 9068, Gecko_IOThread] WARNING: pipe error (78): Connection reset by peer: file /build/firefox-j7tNrI/firefox-63.0+build2/ipc/chromium/src/chrome/common/ipc_channel_posix.cc, line 356
[Parent 9068, Gecko_IOThread] WARNING: pipe error (99): Connection reset by peer: file /build/firefox-j7tNrI/firefox-63.0+build2/ipc/chromium/src/chrome/common/ipc_channel_posix.cc, line 356
1541030128148	Marionette	INFO	Stopped listening on port 41291
1541030232370	mozrunner::runner	INFO	Running command: "/usr/bin/firefox" "-marionette" "-foreground" "-no-remote" "-profile" "/tmp/rust_mozprofile.kkhoX0W8m1j2"
1541030233764	Marionette	INFO	Listening on port 36871
1541030233785	Marionette	WARN	TLS certificate errors will be ignored for this session
JavaScript warning: https://ajax.googleapis.com/ajax/libs/jquery/1.10.2/jquery.min.js, line 1: Using //@ to indicate sourceMappingURL pragmas is deprecated. Use //# instead
JavaScript warning: https://ajax.googleapis.com/ajax/libs/jquery/1.10.2/jquery.min.js, line 1: Using //@ to indicate sourceMappingURL pragmas is deprecated. Use //# instead
JavaScript warning: https://ajax.googleapis.com/ajax/libs/jquery/1.10.2/jquery.min.js, line 1: Using //@ to indicate sourceMappingURL pragmas is deprecated. Use //# instead
JavaScript warning: https://ajax.googleapis.com/ajax/libs/jquery/1.10.2/jquery.min.js, line 1: Using //@ to indicate sourceMappingURL pragmas is deprecated. Use //# instead
1541031360949	mozrunner::runner	INFO	Running command: "/usr/bin/firefox" "-marionette" "-foreground" "-no-remote" "-profile" "/tmp/rust_mozprofile.2gmAzhFc58qn"
1541031362411	Marionette	INFO	Listening on port 39175
1541031362467	Marionette	WARN	TLS certificate errors will be ignored for this session
console.error: "Tried to send a 'tabDetached' event on an already destroyed actor 'frameTarget'"
[Parent 12021, Gecko_IOThread] WARNING: pipe error (78): Connection reset by peer: file /build/firefox-j7tNrI/firefox-63.0+build2/ipc/chromium/src/chrome/common/ipc_channel_posix.cc, line 356
[Parent 12021, Gecko_IOThread] WARNING: pipe error (65): Connection reset by peer: file /build/firefox-j7tNrI/firefox-63.0+build2/ipc/chromium/src/chrome/common/ipc_channel_posix.cc, line 356
[Parent 12021, Gecko_IOThread] WARNING: pipe error (61): Connection reset by peer: file /build/firefox-j7tNrI/firefox-63.0+build2/ipc/chromium/src/chrome/common/ipc_channel_posix.cc, line 356
1541032214660	Marionette	INFO	Stopped listening on port 39175
1541032221759	mozrunner::runner	INFO	Running command: "/usr/bin/firefox" "-marionette" "-foreground" "-no-remote" "-profile" "/tmp/rust_mozprofile.0FPmyrUPnvQj"
1541032223324	Marionette	INFO	Listening on port 36925
1541032223370	Marionette	WARN	TLS certificate errors will be ignored for this session
JavaScript warning: https://ajax.googleapis.com/ajax/libs/jquery/1.10.2/jquery.min.js, line 1: Using //@ to indicate sourceMappingURL pragmas is deprecated. Use //# instead
1541032347107	mozrunner::runner	INFO	Running command: "/usr/bin/firefox" "-marionette" "-foreground" "-no-remote" "-profile" "/tmp/rust_mozprofile.YERdIQSfnZXN"
1541032348543	Marionette	INFO	Listening on port 45801
1541032348612	Marionette	WARN	TLS certificate errors will be ignored for this session
JavaScript warning: https://ajax.googleapis.com/ajax/libs/jquery/1.10.2/jquery.min.js, line 1: Using //@ to indicate sourceMappingURL pragmas is deprecated. Use //# instead
JavaScript warning: https://ajax.googleapis.com/ajax/libs/jquery/1.10.2/jquery.min.js, line 1: Using //@ to indicate sourceMappingURL pragmas is deprecated. Use //# instead
JavaScript warning: https://ajax.googleapis.com/ajax/libs/jquery/1.10.2/jquery.min.js, line 1: Using //@ to indicate sourceMappingURL pragmas is deprecated. Use //# instead
JavaScript error: https://static.xx.fbcdn.net/rsrc.php/v3/yF/r/6zXM87wYmfI.js, line 55: TypeError: setting getter-only property "message"
JavaScript error: https://static.xx.fbcdn.net/rsrc.php/v3iX3c4/yH/l/en_GB/fXZWRzXhv72.js, line 7: SecurityError: Permission denied to access property "pathname" on cross-origin object
[Parent 13666, Gecko_IOThread] WARNING: pipe error (123): Connection reset by peer: file /build/firefox-j7tNrI/firefox-63.0+build2/ipc/chromium/src/chrome/common/ipc_channel_posix.cc, line 356
1541032482193	Marionette	INFO	Stopped listening on port 45801
1541035543576	mozrunner::runner	INFO	Running command: "/usr/bin/firefox" "-marionette" "-foreground" "-no-remote" "-profile" "/tmp/rust_mozprofile.qS4md93WqpDD"
1541035544975	Marionette	INFO	Listening on port 34047
1541035544986	Marionette	WARN	TLS certificate errors will be ignored for this session
JavaScript error: resource://devtools/shared/base-loader.js -> resource://devtools/client/framework/toolbox.js, line 1272: TypeError: currentPanel is undefined
console.error: "TypeError: this.onSelected is not a function: onDetachedFront@resource://devtools/shared/base-loader.js -> resource://devtools/client/inspector/computed/computed.js:1461:5\nemit@resource://devtools/shared/base-loader.js -> resource://devtools/shared/event-emitter.js:178:15\nemit@resource://devtools/shared/base-loader.js -> resource://devtools/shared/event-emitter.js:255:5\n_onMutations@resource://devtools/shared/base-loader.js -> resource://devtools/client/framework/selection.js:105:7\nemit@resource://devtools/shared/base-loader.js -> resource://devtools/shared/event-emitter.js:178:15\nemit@resource://devtools/shared/base-loader.js -> resource://devtools/shared/event-emitter.js:255:5\nWalkerFront<.getMutations</<@resource://devtools/shared/base-loader.js -> resource://devtools/shared/fronts/inspector.js:414:7\n"
TypeError: this.onSelected is not a function: onDetachedFront@resource://devtools/shared/base-loader.js -> resource://devtools/client/inspector/computed/computed.js:1461:5
emit@resource://devtools/shared/base-loader.js -> resource://devtools/shared/event-emitter.js:178:15
emit@resource://devtools/shared/base-loader.js -> resource://devtools/shared/event-emitter.js:255:5
_onMutations@resource://devtools/shared/base-loader.js -> resource://devtools/client/framework/selection.js:105:7
emit@resource://devtools/shared/base-loader.js -> resource://devtools/shared/event-emitter.js:178:15
emit@resource://devtools/shared/base-loader.js -> resource://devtools/shared/event-emitter.js:255:5
WalkerFront<.getMutations</<@resource://devtools/shared/base-loader.js -> resource://devtools/shared/fronts/inspector.js:414:7

[Parent 19068, Gecko_IOThread] WARNING: pipe error: Broken pipe: file /build/firefox-j7tNrI/firefox-63.0+build2/ipc/chromium/src/chrome/common/ipc_channel_posix.cc, line 729
console.error: "TypeError: currentNode is null: canMutationImpactCurrentStyles@resource://devtools/shared/base-loader.js -> resource://devtools/client/inspector/shared/style-change-tracker.js:64:11\nonMutations@resource://devtools/shared/base-loader.js -> resource://devtools/client/inspector/shared/style-change-tracker.js:82:11\nemit@resource://devtools/shared/base-loader.js -> resource://devtools/shared/event-emitter.js:178:15\nemit@resource://devtools/shared/base-loader.js -> resource://devtools/shared/event-emitter.js:255:5\nWalkerFront<.getMutations</<@resource://devtools/shared/base-loader.js -> resource://devtools/shared/fronts/inspector.js:414:7\n"
TypeError: currentNode is null: canMutationImpactCurrentStyles@resource://devtools/shared/base-loader.js -> resource://devtools/client/inspector/shared/style-change-tracker.js:64:11
onMutations@resource://devtools/shared/base-loader.js -> resource://devtools/client/inspector/shared/style-change-tracker.js:82:11
emit@resource://devtools/shared/base-loader.js -> resource://devtools/shared/event-emitter.js:178:15
emit@resource://devtools/shared/base-loader.js -> resource://devtools/shared/event-emitter.js:255:5
WalkerFront<.getMutations</<@resource://devtools/shared/base-loader.js -> resource://devtools/shared/fronts/inspector.js:414:7

[Parent 19068, Gecko_IOThread] WARNING: pipe error: Broken pipe: file /build/firefox-j7tNrI/firefox-63.0+build2/ipc/chromium/src/chrome/common/ipc_channel_posix.cc, line 729
[Parent 19068, Gecko_IOThread] WARNING: pipe error: Broken pipe: file /build/firefox-j7tNrI/firefox-63.0+build2/ipc/chromium/src/chrome/common/ipc_channel_posix.cc, line 729
[Parent 19068, Gecko_IOThread] WARNING: pipe error: Broken pipe: file /build/firefox-j7tNrI/firefox-63.0+build2/ipc/chromium/src/chrome/common/ipc_channel_posix.cc, line 729
